Added Component: Designator=C1(CAP_0603)
Added Component: Designator=C2(CAP_0603)
Added Component: Designator=C3(CAP_0603)
Added Component: Designator=C4(CAP_0603)
Added Component: Designator=C5(CAP_0603)
Added Component: Designator=C6(CAP_0603)
Added Component: Designator=J1(MOLEX-1050170001)
Added Component: Designator=P1(HDR1X7)
Add component (AddParameter): Name = "LatestRevisionDate"; Value = "17-Jul-2002"; VariantName = "[No Variations]"
Add component (AddParameter): Name = "LatestRevisionNote"; Value = "Re-released for DXP Platform."; VariantName = "[No Variations]"
Add component (AddParameter): Name = "Publisher"; Value = "Altium Limited"; VariantName = "[No Variations]"
Added Component: Designator=R1(RES_0603)
Added Component: Designator=R2(RES_0603)
Added Component: Designator=T1(BJT_SOT-23-3_NPN)
Added Component: Designator=T2(BJT_SOT-23-3_NPN)
Added Component: Designator=U1(SOT229P700X180-4N)
Added Component: Designator=U2(CH340x-SOP16)
Added Pin To Net: NetName=3V3 Pin=C3-2
Added Pin To Net: NetName=3V3 Pin=C4-2
Added Pin To Net: NetName=3V3 Pin=P1-1
Added Pin To Net: NetName=3V3 Pin=U1-2
Added Net: Name=3V3
Added Pin To Net: NetName=5V_VBUS Pin=C1-2
Added Pin To Net: NetName=5V_VBUS Pin=C2-2
Added Pin To Net: NetName=5V_VBUS Pin=C6-1
Added Pin To Net: NetName=5V_VBUS Pin=J1-1
Added Pin To Net: NetName=5V_VBUS Pin=U1-3
Added Pin To Net: NetName=5V_VBUS Pin=U2-16
Added Net: Name=5V_VBUS
Added Pin To Net: NetName=CTS Pin=P1-7
Added Pin To Net: NetName=CTS Pin=U2-9
Added Net: Name=CTS
Added Pin To Net: NetName=DTR Pin=R1-1
Added Pin To Net: NetName=DTR Pin=T2-2
Added Pin To Net: NetName=DTR Pin=U2-13
Added Net: Name=DTR
Added Pin To Net: NetName=EN Pin=P1-6
Added Pin To Net: NetName=EN Pin=T1-3
Added Net: Name=EN
Added Pin To Net: NetName=GND Pin=C1-1
Added Pin To Net: NetName=GND Pin=C2-1
Added Pin To Net: NetName=GND Pin=C3-1
Added Pin To Net: NetName=GND Pin=C4-1
Added Pin To Net: NetName=GND Pin=C5-1
Added Pin To Net: NetName=GND Pin=C6-2
Added Pin To Net: NetName=GND Pin=J1-5
Added Pin To Net: NetName=GND Pin=P1-2
Added Pin To Net: NetName=GND Pin=U1-1
Added Pin To Net: NetName=GND Pin=U2-1
Added Net: Name=GND
Added Pin To Net: NetName=IO0 Pin=P1-5
Added Pin To Net: NetName=IO0 Pin=T2-3
Added Net: Name=IO0
Added Pin To Net: NetName=NetC5_2 Pin=C5-2
Added Pin To Net: NetName=NetC5_2 Pin=U2-4
Added Net: Name=NetC5_2
Added Pin To Net: NetName=NetD2_2 Pin=J1-2
Added Pin To Net: NetName=NetD2_2 Pin=U2-6
Added Net: Name=NetD2_2
Added Pin To Net: NetName=NetD3_2 Pin=J1-3
Added Pin To Net: NetName=NetD3_2 Pin=U2-5
Added Net: Name=NetD3_2
Added Pin To Net: NetName=NetP1_3 Pin=P1-3
Added Pin To Net: NetName=NetP1_3 Pin=U2-3
Added Net: Name=NetP1_3
Added Pin To Net: NetName=NetP1_4 Pin=P1-4
Added Pin To Net: NetName=NetP1_4 Pin=U2-2
Added Net: Name=NetP1_4
Added Pin To Net: NetName=NetR1_2 Pin=R1-2
Added Pin To Net: NetName=NetR1_2 Pin=T1-1
Added Net: Name=NetR1_2
Added Pin To Net: NetName=NetR2_2 Pin=R2-2
Added Pin To Net: NetName=NetR2_2 Pin=T2-1
Added Net: Name=NetR2_2
Added Pin To Net: NetName=RTS Pin=R2-1
Added Pin To Net: NetName=RTS Pin=T1-2
Added Pin To Net: NetName=RTS Pin=U2-14
Added Net: Name=RTS
Added Class: Name=main
Added Room: Name=main
